[
    {
        "attached_on": "worker-1",
        "attached_state": "ATTACH_STATE_EXTERNAL",
        "ctime": "2018-11-12T10:56:17Z",
        "device_path": "worker-1",
        "error": "",
        "format": "xfs",
        "fs_resize_required": false,
        "id": "695692844168324650",
        "last_scan": "2018-11-12T10:56:17Z",
        "locator": {
            "name": "pvc-90443835-e669-11e8-9966-b8ca3a5dc3cc",
            "volume_labels": {
                "namespace": "jaringyu",
                "pvc": "px-mo-pvc"
            }
        },
        "readonly": false,
        "replica_sets": [
            {
                "nodes": [
                    "worker-1",
                    "worker-2",
                    "worker-4"
                ]
            }
        ],
        "runtime_state": [
            {
                "runtime_state": {
                    "ID": "0",
                    "ReplNodePools": "0,0,0",
                    "ReplRemoveMids": "",
                    "ReplicaSetCreateMid": "worker-1,worker-2,worker-4",
                    "ReplicaSetCurr": "[0 1 3]",
                    "ReplicaSetCurrMid": "worker-1,worker-2,worker-4",
                    "RuntimeState": "clean"
                }
            }
        ],
        "secure_device_path": "",
        "source": {
            "parent": "",
            "seed": ""
        },
        "spec": {
            "aggregation_level": 1,
            "block_size": "4096",
            "cascaded": false,
            "compressed": false,
            "cos": "high",
            "dedupe": false,
            "encrypted": false,
            "ephemeral": false,
            "force_unsupported_fs_type": false,
            "format": "xfs",
            "group_enforced": false,
            "ha_level": "3",
            "io_profile": "db",
            "journal": false,
            "passphrase": "",
            "queue_depth": 32,
            "scale": 0,
            "shared": false,
            "sharedv4": false,
            "size": "42949672960",
            "snapshot_interval": 0,
            "snapshot_schedule": "",
            "sticky": false,
            "volume_labels": {
                "fs": "xfs",
                "io_priority": "high",
                "io_profile": "db",
                "repl": "3",
                "volume.beta.kubernetes.io/storage-class": "px-mo",
                "volume.beta.kubernetes.io/storage-provisioner": "kubernetes.io/portworx-volume"
            }
        },
        "state": "attached",
        "status": "up",
        "usage": "288636928"
    },
    {
        "attached_on": "worker-1",
        "attached_state": "ATTACH_STATE_INTERNAL",
        "ctime": "2018-11-09T00:32:03Z",
        "device_path": "worker-1",
        "error": "",
        "format": "xfs",
        "fs_resize_required": false,
        "id": "1149815794264522527",
        "last_scan": "2018-11-09T00:32:03Z",
        "locator": {
            "name": "yyy"
        },
        "readonly": false,
        "replica_sets": [
            {
                "nodes": [
                    "worker-2",
                    "worker-1"
                ]
            }
        ],
        "runtime_state": [
            {
                "runtime_state": {
                    "ID": "0",
                    "ReplNodePools": "0,0",
                    "ReplRemoveMids": "",
                    "ReplicaSetCreateMid": "worker-1,worker-2",
                    "ReplicaSetCurr": "[0 1]",
                    "ReplicaSetCurrMid": "worker-1,worker-2",
                    "RuntimeState": "clean"
                }
            }
        ],
        "secure_device_path": "",
        "source": {
            "parent": "994117875477614119",
            "seed": ""
        },
        "spec": {
            "aggregation_level": 1,
            "block_size": "4096",
            "cascaded": false,
            "compressed": false,
            "cos": "high",
            "dedupe": false,
            "encrypted": false,
            "ephemeral": false,
            "force_unsupported_fs_type": false,
            "format": "xfs",
            "group_enforced": false,
            "ha_level": "2",
            "io_profile": "sequential",
            "journal": false,
            "passphrase": "",
            "queue_depth": 32,
            "scale": 1,
            "shared": false,
            "sharedv4": false,
            "size": "2147483648",
            "snapshot_interval": 0,
            "snapshot_schedule": "",
            "sticky": false,
            "volume_labels": {
                "fs": "xfs",
                "io_priority": "high",
                "io_profile": "db",
                "repl": "3",
                "volume.beta.kubernetes.io/storage-class": "px-db",
                "volume.beta.kubernetes.io/storage-provisioner": "kubernetes.io/portworx-volume"
            }
        },
        "state": "attached",
        "status": "up",
        "usage": "0"
    },
    {
        "attached_on": "worker-4",
        "attached_state": "ATTACH_STATE_INTERNAL",
        "ctime": "2018-11-06T05:13:52Z",
        "device_path": "worker-4",
        "error": "",
        "format": "xfs",
        "fs_resize_required": false,
        "id": "207843288646448969",
        "last_scan": "2018-11-06T05:13:52Z",
        "locator": {
            "name": "pvc-b78f9197-e182-11e8-9966-b8ca3a5dc3cc",
            "volume_labels": {
                "namespace": "default",
                "pvc": "data-maria-restore"
            }
        },
        "readonly": false,
        "replica_sets": [
            {
                "nodes": [
                    "worker-2",
                    "worker-4"
                ]
            }
        ],
        "runtime_state": [
            {
                "runtime_state": {
                    "ID": "0",
                    "ReplNodePools": "0,0",
                    "ReplRemoveMids": "",
                    "ReplicaSetCreateMid": "worker-2,worker-4",
                    "ReplicaSetCurr": "[1 3]",
                    "ReplicaSetCurrMid": "worker-2,worker-4",
                    "RuntimeState": "clean"
                }
            }
        ],
        "secure_device_path": "",
        "source": {
            "parent": "1070829733294403777",
            "seed": ""
        },
        "spec": {
            "aggregation_level": 1,
            "block_size": "4096",
            "cascaded": false,
            "compressed": false,
            "cos": "high",
            "dedupe": false,
            "encrypted": false,
            "ephemeral": false,
            "force_unsupported_fs_type": false,
            "format": "xfs",
            "group_enforced": false,
            "ha_level": "2",
            "io_profile": "sequential",
            "journal": false,
            "passphrase": "",
            "queue_depth": 32,
            "scale": 1,
            "shared": false,
            "sharedv4": false,
            "size": "5368709120",
            "snapshot_interval": 0,
            "snapshot_schedule": "",
            "sticky": false,
            "volume_labels": {
                "app": "maria",
                "fg": "false",
                "fs": "xfs",
                "group": "scyllaG1",
                "priority_io": "high",
                "repl": "2",
                "volume.beta.kubernetes.io/storage-class": "px-vol",
                "volume.beta.kubernetes.io/storage-provisioner": "kubernetes.io/portworx-volume"
            }
        },
        "state": "attached",
        "status": "up",
        "usage": "1778257920"
    },
    {
        "attached_on": "worker-1",
        "attached_state": "ATTACH_STATE_INTERNAL",
        "ctime": "2018-11-09T00:30:54Z",
        "device_path": "worker-1",
        "error": "",
        "format": "xfs",
        "fs_resize_required": false,
        "id": "994117875477614119",
        "last_scan": "2018-11-09T00:30:54Z",
        "locator": {
            "name": "jjj"
        },
        "readonly": false,
        "replica_sets": [
            {
                "nodes": [
                    "worker-2",
                    "worker-1"
                ]
            }
        ],
        "runtime_state": [
            {
                "runtime_state": {
                    "ID": "0",
                    "ReplNodePools": "0,0",
                    "ReplRemoveMids": "",
                    "ReplicaSetCreateMid": "worker-1,worker-2",
                    "ReplicaSetCurr": "[0 1]",
                    "ReplicaSetCurrMid": "worker-1,worker-2",
                    "RuntimeState": "clean"
                }
            }
        ],
        "secure_device_path": "",
        "source": {
            "parent": "236580259442002450",
            "seed": ""
        },
        "spec": {
            "aggregation_level": 1,
            "block_size": "4096",
            "cascaded": false,
            "compressed": false,
            "cos": "high",
            "dedupe": false,
            "encrypted": false,
            "ephemeral": false,
            "force_unsupported_fs_type": false,
            "format": "xfs",
            "group_enforced": false,
            "ha_level": "2",
            "io_profile": "sequential",
            "journal": false,
            "passphrase": "",
            "queue_depth": 32,
            "scale": 1,
            "shared": false,
            "sharedv4": false,
            "size": "2147483648",
            "snapshot_interval": 0,
            "snapshot_schedule": "",
            "sticky": false,
            "volume_labels": {
                "fs": "xfs",
                "io_priority": "high",
                "io_profile": "db",
                "repl": "3",
                "volume.beta.kubernetes.io/storage-class": "px-db",
                "volume.beta.kubernetes.io/storage-provisioner": "kubernetes.io/portworx-volume"
            }
        },
        "state": "attached",
        "status": "up",
        "usage": "0"
    },
    {
        "attached_on": "",
        "attached_state": "ATTACH_STATE_INTERNAL_SWITCH",
        "ctime": "2018-11-13T01:47:48Z",
        "device_path": "",
        "error": "",
        "format": "xfs",
        "fs_resize_required": false,
        "group": {
            "id": "scyllaG1"
        },
        "id": "1045970744383998687",
        "last_scan": "2018-11-13T01:47:48Z",
        "locator": {
            "name": "pvc-18fde74b-e6e6-11e8-9966-b8ca3a5dc3cc",
            "volume_labels": {
                "namespace": "scylla",
                "pvc": "scylla-data-scylla-2"
            }
        },
        "readonly": false,
        "replica_sets": [
            {
                "nodes": [
                    "worker-1",
                    "worker-2",
                    "worker-4"
                ]
            }
        ],
        "runtime_state": [
            {
                "runtime_state": {
                    "ID": "0",
                    "ReplNodePools": "0,0,0",
                    "ReplRemoveMids": "",
                    "ReplicaSetCreateMid": "worker-1,worker-2,worker-4",
                    "ReplicaSetCurr": "[0 1 3]",
                    "ReplicaSetCurrMid": "worker-1,worker-2,worker-4",
                    "RuntimeState": "clean"
                }
            }
        ],
        "secure_device_path": "",
        "source": {
            "parent": "",
            "seed": ""
        },
        "spec": {
            "aggregation_level": 1,
            "block_size": "4096",
            "cascaded": false,
            "compressed": false,
            "cos": "high",
            "dedupe": false,
            "encrypted": false,
            "ephemeral": false,
            "force_unsupported_fs_type": false,
            "format": "xfs",
            "group": {
                "id": "scyllaG1"
            },
            "group_enforced": false,
            "ha_level": "3",
            "io_profile": "db",
            "journal": false,
            "passphrase": "",
            "queue_depth": 32,
            "scale": 0,
            "shared": false,
            "sharedv4": false,
            "size": "42949672960",
            "snapshot_interval": 0,
            "snapshot_schedule": "",
            "sticky": false,
            "volume_labels": {
                "app": "scylla",
                "fg": "false",
                "fs": "xfs",
                "group": "scyllaG1",
                "io_profile": "db",
                "priority_io": "high",
                "repl": "3",
                "volume.beta.kubernetes.io/storage-class": "px-vol",
                "volume.beta.kubernetes.io/storage-provisioner": "kubernetes.io/portworx-volume"
            }
        },
        "state": "detached",
        "status": "up",
        "usage": "153653248"
    },
    {
        "attached_on": "",
        "attached_state": "ATTACH_STATE_INTERNAL_SWITCH",
        "ctime": "2018-11-13T01:44:50Z",
        "device_path": "",
        "error": "",
        "format": "xfs",
        "fs_resize_required": false,
        "group": {
            "id": "scyllaG1"
        },
        "id": "739617412734592112",
        "last_scan": "2018-11-13T01:44:50Z",
        "locator": {
            "name": "pvc-b596b9a2-e6e5-11e8-9966-b8ca3a5dc3cc",
            "volume_labels": {
                "namespace": "scylla",
                "pvc": "scylla-data-scylla-0"
            }
        },
        "readonly": false,
        "replica_sets": [
            {
                "nodes": [
                    "worker-1",
                    "worker-3",
                    "worker-4"
                ]
            }
        ],
        "runtime_state": [
            {
                "runtime_state": {
                    "ID": "0",
                    "ReplNodePools": "0,0,0",
                    "ReplRemoveMids": "",
                    "ReplicaSetCreateMid": "worker-1,worker-3,worker-4",
                    "ReplicaSetCurr": "[0 2 3]",
                    "ReplicaSetCurrMid": "worker-1,worker-3,worker-4",
                    "RuntimeState": "clean"
                }
            }
        ],
        "secure_device_path": "",
        "source": {
            "parent": "",
            "seed": ""
        },
        "spec": {
            "aggregation_level": 1,
            "block_size": "4096",
            "cascaded": false,
            "compressed": false,
            "cos": "high",
            "dedupe": false,
            "encrypted": false,
            "ephemeral": false,
            "force_unsupported_fs_type": false,
            "format": "xfs",
            "group": {
                "id": "scyllaG1"
            },
            "group_enforced": false,
            "ha_level": "3",
            "io_profile": "db",
            "journal": false,
            "passphrase": "",
            "queue_depth": 32,
            "scale": 0,
            "shared": false,
            "sharedv4": false,
            "size": "42949672960",
            "snapshot_interval": 0,
            "snapshot_schedule": "",
            "sticky": false,
            "volume_labels": {
                "app": "scylla",
                "fg": "false",
                "fs": "xfs",
                "group": "scyllaG1",
                "io_profile": "db",
                "priority_io": "high",
                "repl": "3",
                "volume.beta.kubernetes.io/storage-class": "px-vol",
                "volume.beta.kubernetes.io/storage-provisioner": "kubernetes.io/portworx-volume"
            }
        },
        "state": "detached",
        "status": "up",
        "usage": "165400576"
    },
    {
        "attached_on": "worker-1",
        "attached_state": "ATTACH_STATE_EXTERNAL",
        "ctime": "2018-11-07T09:40:55Z",
        "device_path": "worker-1",
        "error": "",
        "format": "ext4",
        "fs_resize_required": false,
        "group": {
            "id": "joo"
        },
        "id": "22006365797151156",
        "last_scan": "2018-11-07T09:40:55Z",
        "locator": {
            "name": "pvc-34676f86-e271-11e8-9966-b8ca3a5dc3cc",
            "volume_labels": {
                "namespace": "default",
                "pvc": "data-maria-1"
            }
        },
        "readonly": false,
        "replica_sets": [
            {
                "nodes": [
                    "worker-1",
                    "worker-2"
                ]
            }
        ],
        "runtime_state": [
            {
                "runtime_state": {
                    "ID": "0",
                    "ReplNodePools": "0,0",
                    "ReplRemoveMids": "",
                    "ReplicaSetCreateMid": "worker-1,worker-2",
                    "ReplicaSetCurr": "[0 1]",
                    "ReplicaSetCurrMid": "worker-1,worker-2",
                    "RuntimeState": "clean"
                }
            }
        ],
        "secure_device_path": "",
        "source": {
            "parent": "",
            "seed": ""
        },
        "spec": {
            "aggregation_level": 1,
            "block_size": "4096",
            "cascaded": false,
            "compressed": false,
            "cos": "low",
            "dedupe": false,
            "encrypted": false,
            "ephemeral": false,
            "force_unsupported_fs_type": false,
            "format": "ext4",
            "group": {
                "id": "joo"
            },
            "group_enforced": false,
            "ha_level": "2",
            "io_profile": "sequential",
            "journal": false,
            "passphrase": "",
            "queue_depth": 32,
            "scale": 0,
            "shared": false,
            "sharedv4": false,
            "size": "5368709120",
            "snapshot_interval": 0,
            "snapshot_schedule": "- freq: periodic\n  period: 3600000000000\n  retain: 10\n",
            "sticky": false,
            "volume_labels": {
                "app": "maria",
                "group": "joo",
                "repl": "2",
                "snap_schedule": "periodic=60,10",
                "volume.beta.kubernetes.io/storage-class": "portworx-repl",
                "volume.beta.kubernetes.io/storage-provisioner": "kubernetes.io/portworx-volume"
            }
        },
        "state": "attached",
        "status": "up",
        "usage": "3983380480"
    },
    {
        "attached_on": "worker-1",
        "attached_state": "ATTACH_STATE_EXTERNAL",
        "ctime": "2018-11-06T11:22:17Z",
        "device_path": "worker-1",
        "error": "",
        "format": "xfs",
        "fs_resize_required": false,
        "id": "236580259442002450",
        "last_scan": "2018-11-06T11:22:17Z",
        "locator": {
            "name": "pvc-38262461-e1b6-11e8-9966-b8ca3a5dc3cc",
            "volume_labels": {
                "namespace": "jaringyu",
                "pvc": "px-db-mysql-pvc-snapclone"
            }
        },
        "readonly": false,
        "replica_sets": [
            {
                "nodes": [
                    "worker-2",
                    "worker-1"
                ]
            }
        ],
        "runtime_state": [
            {
                "runtime_state": {
                    "ID": "0",
                    "ReplNodePools": "0,0",
                    "ReplRemoveMids": "",
                    "ReplicaSetCreateMid": "worker-1,worker-2",
                    "ReplicaSetCurr": "[0 1]",
                    "ReplicaSetCurrMid": "worker-1,worker-2",
                    "RuntimeState": "clean"
                }
            }
        ],
        "secure_device_path": "",
        "source": {
            "parent": "867758905421625718",
            "seed": ""
        },
        "spec": {
            "aggregation_level": 1,
            "block_size": "4096",
            "cascaded": false,
            "compressed": false,
            "cos": "high",
            "dedupe": false,
            "encrypted": false,
            "ephemeral": false,
            "force_unsupported_fs_type": false,
            "format": "xfs",
            "group_enforced": false,
            "ha_level": "2",
            "io_profile": "sequential",
            "journal": false,
            "passphrase": "",
            "queue_depth": 32,
            "scale": 1,
            "shared": false,
            "sharedv4": false,
            "size": "2147483648",
            "snapshot_interval": 0,
            "snapshot_schedule": "",
            "sticky": false,
            "volume_labels": {
                "fs": "xfs",
                "io_priority": "high",
                "io_profile": "db",
                "repl": "3",
                "volume.beta.kubernetes.io/storage-class": "px-db",
                "volume.beta.kubernetes.io/storage-provisioner": "kubernetes.io/portworx-volume"
            }
        },
        "state": "attached",
        "status": "up",
        "usage": "231247872"
    },
    {
        "attached_on": "worker-4",
        "attached_state": "ATTACH_STATE_EXTERNAL",
        "ctime": "2018-10-24T04:01:11Z",
        "device_path": "worker-4",
        "error": "",
        "format": "ext4",
        "fs_resize_required": false,
        "group": {
            "id": "minio"
        },
        "id": "840513060227373360",
        "last_scan": "2018-10-24T04:01:11Z",
        "locator": {
            "name": "pvc-57d2f6eb-d741-11e8-9966-b8ca3a5dc3cc",
            "volume_labels": {
                "namespace": "default",
                "pvc": "px-minio"
            }
        },
        "readonly": false,
        "replica_sets": [
            {
                "nodes": [
                    "worker-1",
                    "worker-2",
                    "worker-3"
                ]
            }
        ],
        "runtime_state": [
            {
                "runtime_state": {
                    "ID": "0",
                    "ReplNodePools": "0,0,0",
                    "ReplRemoveMids": "",
                    "ReplicaSetCreateMid": "worker-1,worker-2,worker-3",
                    "ReplicaSetCurr": "[0 1 2]",
                    "ReplicaSetCurrMid": "worker-1,worker-2,worker-3",
                    "RuntimeState": "clean"
                }
            }
        ],
        "secure_device_path": "",
        "source": {
            "parent": "",
            "seed": ""
        },
        "spec": {
            "aggregation_level": 1,
            "block_size": "4096",
            "cascaded": false,
            "compressed": false,
            "cos": "low",
            "dedupe": false,
            "encrypted": false,
            "ephemeral": false,
            "force_unsupported_fs_type": false,
            "format": "ext4",
            "group": {
                "id": "minio"
            },
            "group_enforced": false,
            "ha_level": "3",
            "io_profile": "sequential",
            "journal": false,
            "passphrase": "",
            "queue_depth": 32,
            "scale": 0,
            "shared": false,
            "sharedv4": false,
            "size": "107374182400",
            "snapshot_interval": 0,
            "snapshot_schedule": "",
            "sticky": false,
            "volume_labels": {
                "app": "minio",
                "chart": "minio-1.8.1",
                "group": "minio",
                "heritage": "Tiller",
                "io_prioty": "high",
                "io_profile": "sequential",
                "release": "px-minio",
                "repl": "3",
                "volume.beta.kubernetes.io/storage-provisioner": "kubernetes.io/portworx-volume"
            }
        },
        "state": "attached",
        "status": "up",
        "usage": "8258523136"
    },
    {
        "attached_on": "worker-2",
        "attached_state": "ATTACH_STATE_INTERNAL",
        "ctime": "2018-11-06T11:21:07Z",
        "device_path": "worker-2",
        "error": "",
        "format": "xfs",
        "fs_resize_required": false,
        "id": "867758905421625718",
        "last_scan": "2018-11-06T11:21:07Z",
        "locator": {
            "name": "snapshot-0e4d70cf-e1b6-11e8-9966-b8ca3a5dc3cc",
            "volume_labels": {
                "namespace": "jaringyu",
                "stork-snap": "3ds-v1"
            }
        },
        "readonly": true,
        "replica_sets": [
            {
                "nodes": [
                    "worker-1",
                    "worker-2",
                    "worker-4"
                ]
            }
        ],
        "runtime_state": [
            {
                "runtime_state": {
                    "ID": "0",
                    "ReplNodePools": "0,0,0",
                    "ReplRemoveMids": "",
                    "ReplicaSetCreateMid": "worker-1,worker-2,worker-4",
                    "ReplicaSetCurr": "[0 1 3]",
                    "ReplicaSetCurrMid": "worker-1,worker-2,worker-4",
                    "RuntimeState": "clean"
                }
            }
        ],
        "secure_device_path": "",
        "source": {
            "parent": "303167852610119870",
            "seed": ""
        },
        "spec": {
            "aggregation_level": 1,
            "block_size": "4096",
            "cascaded": false,
            "compressed": false,
            "cos": "high",
            "dedupe": false,
            "encrypted": false,
            "ephemeral": false,
            "force_unsupported_fs_type": false,
            "format": "xfs",
            "group_enforced": false,
            "ha_level": "3",
            "io_profile": "db",
            "journal": false,
            "passphrase": "",
            "queue_depth": 32,
            "scale": 1,
            "shared": false,
            "sharedv4": false,
            "size": "2147483648",
            "snapshot_interval": 0,
            "snapshot_schedule": "",
            "sticky": false,
            "volume_labels": {
                "fs": "xfs",
                "io_priority": "high",
                "io_profile": "db",
                "repl": "3",
                "volume.beta.kubernetes.io/storage-class": "px-db",
                "volume.beta.kubernetes.io/storage-provisioner": "kubernetes.io/portworx-volume"
            }
        },
        "state": "attached",
        "status": "up",
        "usage": "0"
    },
    {
        "attached_on": "worker-1",
        "attached_state": "ATTACH_STATE_EXTERNAL",
        "ctime": "2018-11-02T07:15:17Z",
        "device_path": "worker-1",
        "error": "",
        "format": "xfs",
        "fs_resize_required": false,
        "group": {
            "id": "scyllaG1"
        },
        "id": "210964002645473483",
        "last_scan": "2018-11-02T07:15:17Z",
        "locator": {
            "name": "pvc-0cdd6466-de6f-11e8-9966-b8ca3a5dc3cc",
            "volume_labels": {
                "namespace": "kube-system",
                "pvc": "grafana-volume"
            }
        },
        "readonly": false,
        "replica_sets": [
            {
                "nodes": [
                    "worker-2",
                    "worker-4"
                ]
            }
        ],
        "runtime_state": [
            {
                "runtime_state": {
                    "ID": "0",
                    "ReplNodePools": "0,0",
                    "ReplRemoveMids": "",
                    "ReplicaSetCreateMid": "worker-2,worker-4",
                    "ReplicaSetCurr": "[1 3]",
                    "ReplicaSetCurrMid": "worker-2,worker-4",
                    "RuntimeState": "clean"
                }
            }
        ],
        "secure_device_path": "",
        "source": {
            "parent": "",
            "seed": ""
        },
        "spec": {
            "aggregation_level": 1,
            "block_size": "4096",
            "cascaded": false,
            "compressed": false,
            "cos": "high",
            "dedupe": false,
            "encrypted": false,
            "ephemeral": false,
            "force_unsupported_fs_type": false,
            "format": "xfs",
            "group": {
                "id": "scyllaG1"
            },
            "group_enforced": false,
            "ha_level": "2",
            "io_profile": "sequential",
            "journal": false,
            "passphrase": "",
            "queue_depth": 32,
            "scale": 0,
            "shared": false,
            "sharedv4": false,
            "size": "21474836480",
            "snapshot_interval": 0,
            "snapshot_schedule": "",
            "sticky": false,
            "volume_labels": {
                "fg": "false",
                "fs": "xfs",
                "group": "scyllaG1",
                "priority_io": "high",
                "repl": "2",
                "volume.beta.kubernetes.io/storage-class": "px-vol",
                "volume.beta.kubernetes.io/storage-provisioner": "kubernetes.io/portworx-volume"
            }
        },
        "state": "attached",
        "status": "up",
        "usage": "11931648"
    },
    {
        "attached_on": "worker-2",
        "attached_state": "ATTACH_STATE_INTERNAL",
        "ctime": "2018-11-06T11:13:12Z",
        "device_path": "worker-2",
        "error": "",
        "format": "xfs",
        "fs_resize_required": false,
        "id": "303167852610119870",
        "last_scan": "2018-11-06T11:13:12Z",
        "locator": {
            "name": "pvc-f35fcb62-e1b4-11e8-9966-b8ca3a5dc3cc",
            "volume_labels": {
                "namespace": "jaringyu",
                "pvc": "px-db-mysql-pvc"
            }
        },
        "readonly": false,
        "replica_sets": [
            {
                "nodes": [
                    "worker-1",
                    "worker-2",
                    "worker-4"
                ]
            }
        ],
        "runtime_state": [
            {
                "runtime_state": {
                    "ID": "0",
                    "ReplNodePools": "0,0,0",
                    "ReplRemoveMids": "",
                    "ReplicaSetCreateMid": "worker-1,worker-2,worker-4",
                    "ReplicaSetCurr": "[0 1 3]",
                    "ReplicaSetCurrMid": "worker-1,worker-2,worker-4",
                    "RuntimeState": "clean"
                }
            }
        ],
        "secure_device_path": "",
        "source": {
            "parent": "",
            "seed": ""
        },
        "spec": {
            "aggregation_level": 1,
            "block_size": "4096",
            "cascaded": false,
            "compressed": false,
            "cos": "high",
            "dedupe": false,
            "encrypted": false,
            "ephemeral": false,
            "force_unsupported_fs_type": false,
            "format": "xfs",
            "group_enforced": false,
            "ha_level": "3",
            "io_profile": "db",
            "journal": false,
            "passphrase": "",
            "queue_depth": 32,
            "scale": 0,
            "shared": false,
            "sharedv4": false,
            "size": "2147483648",
            "snapshot_interval": 0,
            "snapshot_schedule": "",
            "sticky": false,
            "volume_labels": {
                "fs": "xfs",
                "io_priority": "high",
                "io_profile": "db",
                "repl": "3",
                "volume.beta.kubernetes.io/storage-class": "px-db",
                "volume.beta.kubernetes.io/storage-provisioner": "kubernetes.io/portworx-volume"
            }
        },
        "state": "attached",
        "status": "up",
        "usage": "218664960"
    },
    {
        "attached_on": "worker-2",
        "attached_state": "ATTACH_STATE_EXTERNAL",
        "ctime": "2018-11-07T09:38:17Z",
        "device_path": "worker-2",
        "error": "",
        "format": "ext4",
        "fs_resize_required": false,
        "group": {
            "id": "joo"
        },
        "id": "46498405721330206",
        "last_scan": "2018-11-07T09:38:17Z",
        "locator": {
            "name": "pvc-db352b76-e270-11e8-9966-b8ca3a5dc3cc",
            "volume_labels": {
                "namespace": "default",
                "pvc": "binlog-maria-0"
            }
        },
        "readonly": false,
        "replica_sets": [
            {
                "nodes": [
                    "worker-2",
                    "worker-3"
                ]
            }
        ],
        "runtime_state": [
            {
                "runtime_state": {
                    "ID": "0",
                    "ReplNodePools": "0,0",
                    "ReplRemoveMids": "",
                    "ReplicaSetCreateMid": "worker-2,worker-3",
                    "ReplicaSetCurr": "[1 2]",
                    "ReplicaSetCurrMid": "worker-2,worker-3",
                    "RuntimeState": "clean"
                }
            }
        ],
        "secure_device_path": "",
        "source": {
            "parent": "",
            "seed": ""
        },
        "spec": {
            "aggregation_level": 1,
            "block_size": "4096",
            "cascaded": false,
            "compressed": false,
            "cos": "low",
            "dedupe": false,
            "encrypted": false,
            "ephemeral": false,
            "force_unsupported_fs_type": false,
            "format": "ext4",
            "group": {
                "id": "joo"
            },
            "group_enforced": false,
            "ha_level": "2",
            "io_profile": "sequential",
            "journal": false,
            "passphrase": "",
            "queue_depth": 32,
            "scale": 0,
            "shared": false,
            "sharedv4": false,
            "size": "5368709120",
            "snapshot_interval": 0,
            "snapshot_schedule": "- freq: periodic\n  period: 3600000000000\n  retain: 10\n",
            "sticky": false,
            "volume_labels": {
                "app": "maria",
                "group": "joo",
                "repl": "2",
                "snap_schedule": "periodic=60,10",
                "volume.beta.kubernetes.io/storage-class": "portworx-repl",
                "volume.beta.kubernetes.io/storage-provisioner": "kubernetes.io/portworx-volume"
            }
        },
        "state": "attached",
        "status": "up",
        "usage": "1476333568"
    },
    {
        "attached_on": "worker-2",
        "attached_state": "ATTACH_STATE_EXTERNAL",
        "ctime": "2018-11-07T09:38:24Z",
        "device_path": "worker-2",
        "error": "",
        "format": "ext4",
        "fs_resize_required": false,
        "group": {
            "id": "joo"
        },
        "id": "476412835805221623",
        "last_scan": "2018-11-07T09:38:24Z",
        "locator": {
            "name": "pvc-db34cc32-e270-11e8-9966-b8ca3a5dc3cc",
            "volume_labels": {
                "namespace": "default",
                "pvc": "data-maria-0"
            }
        },
        "readonly": false,
        "replica_sets": [
            {
                "nodes": [
                    "worker-1",
                    "worker-3"
                ]
            }
        ],
        "runtime_state": [
            {
                "runtime_state": {
                    "ID": "0",
                    "ReplNodePools": "0,0",
                    "ReplRemoveMids": "",
                    "ReplicaSetCreateMid": "worker-1,worker-3",
                    "ReplicaSetCurr": "[0 2]",
                    "ReplicaSetCurrMid": "worker-1,worker-3",
                    "RuntimeState": "clean"
                }
            }
        ],
        "secure_device_path": "",
        "source": {
            "parent": "",
            "seed": ""
        },
        "spec": {
            "aggregation_level": 1,
            "block_size": "4096",
            "cascaded": false,
            "compressed": false,
            "cos": "low",
            "dedupe": false,
            "encrypted": false,
            "ephemeral": false,
            "force_unsupported_fs_type": false,
            "format": "ext4",
            "group": {
                "id": "joo"
            },
            "group_enforced": false,
            "ha_level": "2",
            "io_profile": "sequential",
            "journal": false,
            "passphrase": "",
            "queue_depth": 32,
            "scale": 0,
            "shared": false,
            "sharedv4": false,
            "size": "32212254720",
            "snapshot_interval": 0,
            "snapshot_schedule": "- freq: periodic\n  period: 3600000000000\n  retain: 10\n",
            "sticky": false,
            "volume_labels": {
                "app": "maria",
                "group": "joo",
                "repl": "2",
                "snap_schedule": "periodic=60,10",
                "volume.beta.kubernetes.io/storage-class": "portworx-repl",
                "volume.beta.kubernetes.io/storage-provisioner": "kubernetes.io/portworx-volume"
            }
        },
        "state": "attached",
        "status": "up",
        "usage": "5497020416"
    },
    {
        "attached_on": "",
        "attached_state": "ATTACH_STATE_INTERNAL_SWITCH",
        "ctime": "2018-11-13T01:46:33Z",
        "device_path": "",
        "error": "",
        "format": "xfs",
        "fs_resize_required": false,
        "group": {
            "id": "scyllaG1"
        },
        "id": "305691412058530924",
        "last_scan": "2018-11-13T01:46:33Z",
        "locator": {
            "name": "pvc-efd0a40b-e6e5-11e8-9966-b8ca3a5dc3cc",
            "volume_labels": {
                "namespace": "scylla",
                "pvc": "scylla-data-scylla-1"
            }
        },
        "readonly": false,
        "replica_sets": [
            {
                "nodes": [
                    "worker-1",
                    "worker-2",
                    "worker-4"
                ]
            }
        ],
        "runtime_state": [
            {
                "runtime_state": {
                    "ID": "0",
                    "ReplNodePools": "0,0,0",
                    "ReplRemoveMids": "",
                    "ReplicaSetCreateMid": "worker-1,worker-2,worker-4",
                    "ReplicaSetCurr": "[0 1 3]",
                    "ReplicaSetCurrMid": "worker-1,worker-2,worker-4",
                    "RuntimeState": "clean"
                }
            }
        ],
        "secure_device_path": "",
        "source": {
            "parent": "",
            "seed": ""
        },
        "spec": {
            "aggregation_level": 1,
            "block_size": "4096",
            "cascaded": false,
            "compressed": false,
            "cos": "high",
            "dedupe": false,
            "encrypted": false,
            "ephemeral": false,
            "force_unsupported_fs_type": false,
            "format": "xfs",
            "group": {
                "id": "scyllaG1"
            },
            "group_enforced": false,
            "ha_level": "3",
            "io_profile": "db",
            "journal": false,
            "passphrase": "",
            "queue_depth": 32,
            "scale": 0,
            "shared": false,
            "sharedv4": false,
            "size": "42949672960",
            "snapshot_interval": 0,
            "snapshot_schedule": "",
            "sticky": false,
            "volume_labels": {
                "app": "scylla",
                "fg": "false",
                "fs": "xfs",
                "group": "scyllaG1",
                "io_profile": "db",
                "priority_io": "high",
                "repl": "3",
                "volume.beta.kubernetes.io/storage-class": "px-vol",
                "volume.beta.kubernetes.io/storage-provisioner": "kubernetes.io/portworx-volume"
            }
        },
        "state": "detached",
        "status": "up",
        "usage": "153583616"
    },
    {
        "attached_on": "worker-2",
        "attached_state": "ATTACH_STATE_EXTERNAL",
        "ctime": "2018-11-09T07:03:12Z",
        "device_path": "worker-2",
        "error": "",
        "format": "xfs",
        "fs_resize_required": false,
        "group": {
            "id": "scyllaG1"
        },
        "id": "236245552685446324",
        "last_scan": "2018-11-09T07:03:12Z",
        "locator": {
            "name": "pvc-82d4a6f6-e3ed-11e8-9966-b8ca3a5dc3cc",
            "volume_labels": {
                "namespace": "scylla",
                "pvc": "scylla-data-scylla-2"
            }
        },
        "readonly": false,
        "replica_sets": [
            {
                "nodes": [
                    "worker-2",
                    "worker-3"
                ]
            }
        ],
        "runtime_state": [
            {
                "runtime_state": {
                    "ID": "0",
                    "ReplNodePools": "0,0",
                    "ReplRemoveMids": "",
                    "ReplicaSetCreateMid": "worker-2,worker-3",
                    "ReplicaSetCurr": "[1 2]",
                    "ReplicaSetCurrMid": "worker-2,worker-3",
                    "RuntimeState": "clean"
                }
            }
        ],
        "secure_device_path": "",
        "source": {
            "parent": "",
            "seed": ""
        },
        "spec": {
            "aggregation_level": 1,
            "block_size": "4096",
            "cascaded": false,
            "compressed": false,
            "cos": "high",
            "dedupe": false,
            "encrypted": false,
            "ephemeral": false,
            "force_unsupported_fs_type": false,
            "format": "xfs",
            "group": {
                "id": "scyllaG1"
            },
            "group_enforced": false,
            "ha_level": "2",
            "io_profile": "sequential",
            "journal": false,
            "passphrase": "",
            "queue_depth": 32,
            "scale": 0,
            "shared": false,
            "sharedv4": false,
            "size": "42949672960",
            "snapshot_interval": 0,
            "snapshot_schedule": "",
            "sticky": false,
            "volume_labels": {
                "app": "scylla",
                "fg": "false",
                "fs": "xfs",
                "group": "scyllaG1",
                "priority_io": "high",
                "repl": "2",
                "volume.beta.kubernetes.io/storage-class": "px-vol",
                "volume.beta.kubernetes.io/storage-provisioner": "kubernetes.io/portworx-volume"
            }
        },
        "state": "attached",
        "status": "up",
        "usage": "23531520"
    },
    {
        "attach_path": [
            "/var/lib/kubelet/pods/c5845a42-e664-11e8-9966-b8ca3a5dc3cc/volumes/kubernetes.io~portworx-volume/pvc-ed51462d-de6e-11e8-9966-b8ca3a5dc3cc"
        ],
        "attached_on": "master",
        "attached_state": "ATTACH_STATE_EXTERNAL",
        "ctime": "2018-11-02T07:14:24Z",
        "device_path": "/dev/pxd/pxd640519323900906660",
        "error": "",
        "format": "xfs",
        "fs_resize_required": false,
        "group": {
            "id": "scyllaG1"
        },
        "id": "640519323900906660",
        "last_scan": "2018-11-02T07:14:24Z",
        "locator": {
            "name": "pvc-ed51462d-de6e-11e8-9966-b8ca3a5dc3cc",
            "volume_labels": {
                "namespace": "kube-system",
                "pvc": "prometheus-volume"
            }
        },
        "readonly": false,
        "replica_sets": [
            {
                "nodes": [
                    "worker-2",
                    "worker-4"
                ]
            }
        ],
        "runtime_state": [
            {
                "runtime_state": {
                    "FullResyncBlocks": "[{1 0} {3 0} {-1 0} {-1 0} {-1 0}]",
                    "ID": "0",
                    "ReadQuorum": "1",
                    "ReadSet": "[1 3]",
                    "ReplNodePools": "0,0",
                    "ReplRemoveMids": "",
                    "ReplicaSetCreateMid": "worker-2,worker-4",
                    "ReplicaSetCurr": "[1 3]",
                    "ReplicaSetCurrMid": "worker-2,worker-4",
                    "ReplicaSetNext": "[1 3]",
                    "ReplicaSetNextMid": "worker-2,worker-4",
                    "ResyncBlocks": "[{1 11957} {3 5047} {-1 0} {-1 0} {-1 0}]",
                    "RuntimeState": "clean",
                    "TimestampBlocksPerNode": "[0 0 0 0 0]",
                    "TimestampBlocksTotal": "0",
                    "WriteQuorum": "2",
                    "WriteSet": "[1 3]"
                }
            }
        ],
        "secure_device_path": "",
        "source": {
            "parent": "",
            "seed": ""
        },
        "spec": {
            "aggregation_level": 1,
            "block_size": "4096",
            "cascaded": false,
            "compressed": false,
            "cos": "high",
            "dedupe": false,
            "encrypted": false,
            "ephemeral": false,
            "force_unsupported_fs_type": false,
            "format": "xfs",
            "group": {
                "id": "scyllaG1"
            },
            "group_enforced": false,
            "ha_level": "2",
            "io_profile": "sequential",
            "journal": false,
            "passphrase": "",
            "queue_depth": 32,
            "scale": 0,
            "shared": false,
            "sharedv4": false,
            "size": "21474836480",
            "snapshot_interval": 0,
            "snapshot_schedule": "",
            "sticky": false,
            "volume_labels": {
                "fg": "false",
                "fs": "xfs",
                "group": "scyllaG1",
                "priority_io": "high",
                "repl": "2",
                "volume.beta.kubernetes.io/storage-class": "px-vol",
                "volume.beta.kubernetes.io/storage-provisioner": "kubernetes.io/portworx-volume"
            }
        },
        "state": "attached",
        "status": "up",
        "usage": "3961696256"
    },
    {
        "attached_on": "worker-2",
        "attached_state": "ATTACH_STATE_EXTERNAL",
        "ctime": "2018-10-25T05:12:46Z",
        "device_path": "worker-2",
        "error": "",
        "format": "ext4",
        "fs_resize_required": false,
        "id": "916754344497244196",
        "last_scan": "2018-10-25T05:12:46Z",
        "locator": {
            "name": "pvc-82811769-d814-11e8-9966-b8ca3a5dc3cc",
            "volume_labels": {
                "namespace": "scylla",
                "pvc": "scylla-data-scylla-1"
            }
        },
        "readonly": false,
        "replica_sets": [
            {
                "nodes": [
                    "worker-2",
                    "worker-4"
                ]
            }
        ],
        "runtime_state": [
            {
                "runtime_state": {
                    "ID": "0",
                    "ReplNodePools": "0,0",
                    "ReplRemoveMids": "",
                    "ReplicaSetCreateMid": "worker-2,worker-4",
                    "ReplicaSetCurr": "[1 3]",
                    "ReplicaSetCurrMid": "worker-2,worker-4",
                    "RuntimeState": "clean"
                }
            }
        ],
        "secure_device_path": "",
        "source": {
            "parent": "",
            "seed": ""
        },
        "spec": {
            "aggregation_level": 1,
            "block_size": "4096",
            "cascaded": false,
            "compressed": false,
            "cos": "low",
            "dedupe": false,
            "encrypted": false,
            "ephemeral": false,
            "force_unsupported_fs_type": false,
            "format": "ext4",
            "group_enforced": false,
            "ha_level": "2",
            "io_profile": "sequential",
            "journal": false,
            "passphrase": "",
            "queue_depth": 32,
            "scale": 0,
            "shared": false,
            "sharedv4": false,
            "size": "10737418240",
            "snapshot_interval": 0,
            "snapshot_schedule": "",
            "sticky": false,
            "volume_labels": {
                "app": "scylla",
                "kubectl.kubernetes.io/last-applied-configuration": "{\"apiVersion\":\"v1\",\"kind\":\"PersistentVolumeClaim\",\"metadata\":{\"annotations\":{\"volume.beta.kubernetes.io/storage-class\":\"px-vol\"},\"name\":\"portworx-pvcsc001\",\"namespace\":\"jaringyu\"},\"spec\":{\"accessModes\":[\"ReadWriteOnce\"],\"resources\":{\"requests\":{\"storage\":\"20Gi\"}}}}\n",
                "repl": "2",
                "volume.beta.kubernetes.io/storage-class": "px-vol",
                "volume.beta.kubernetes.io/storage-provisioner": "kubernetes.io/portworx-volume"
            }
        },
        "state": "attached",
        "status": "up",
        "usage": "1532264448"
    },
    {
        "attached_on": "worker-1",
        "attached_state": "ATTACH_STATE_EXTERNAL",
        "ctime": "2018-11-07T09:40:54Z",
        "device_path": "worker-1",
        "error": "",
        "format": "ext4",
        "fs_resize_required": false,
        "group": {
            "id": "joo"
        },
        "id": "1141012654347857565",
        "last_scan": "2018-11-07T09:40:54Z",
        "locator": {
            "name": "pvc-34667466-e271-11e8-9966-b8ca3a5dc3cc",
            "volume_labels": {
                "namespace": "default",
                "pvc": "binlog-maria-1"
            }
        },
        "readonly": false,
        "replica_sets": [
            {
                "nodes": [
                    "worker-3",
                    "worker-4"
                ]
            }
        ],
        "runtime_state": [
            {
                "runtime_state": {
                    "ID": "0",
                    "ReplNodePools": "0,0",
                    "ReplRemoveMids": "",
                    "ReplicaSetCreateMid": "worker-3,worker-4",
                    "ReplicaSetCurr": "[2 3]",
                    "ReplicaSetCurrMid": "worker-3,worker-4",
                    "RuntimeState": "clean"
                }
            }
        ],
        "secure_device_path": "",
        "source": {
            "parent": "",
            "seed": ""
        },
        "spec": {
            "aggregation_level": 1,
            "block_size": "4096",
            "cascaded": false,
            "compressed": false,
            "cos": "low",
            "dedupe": false,
            "encrypted": false,
            "ephemeral": false,
            "force_unsupported_fs_type": false,
            "format": "ext4",
            "group": {
                "id": "joo"
            },
            "group_enforced": false,
            "ha_level": "2",
            "io_profile": "sequential",
            "journal": false,
            "passphrase": "",
            "queue_depth": 32,
            "scale": 0,
            "shared": false,
            "sharedv4": false,
            "size": "5368709120",
            "snapshot_interval": 0,
            "snapshot_schedule": "- freq: periodic\n  period: 3600000000000\n  retain: 10\n",
            "sticky": false,
            "volume_labels": {
                "app": "maria",
                "group": "joo",
                "repl": "2",
                "snap_schedule": "periodic=60,10",
                "volume.beta.kubernetes.io/storage-class": "portworx-repl",
                "volume.beta.kubernetes.io/storage-provisioner": "kubernetes.io/portworx-volume"
            }
        },
        "state": "attached",
        "status": "up",
        "usage": "219672576"
    }
]
